# JRE version: OpenJDK Runtime Environment Temurin-21.0.5+11 (21.0.5+11) (build 21.0.5+11-LTS)
# Java VM: OpenJDK 64-Bit Server VM Temurin-21.0.5+11 (21.0.5+11-LTS, mixed mode, sharing, tiered, compressed oops, compressed class ptrs, parallel gc, windows-amd64)
GC Precious Log:
 CardTable entry size: 512
 CPUs: 16 total, 16 available
 Memory: 7521M
 Large Page Support: Disabled
 NUMA Support: Disabled
 Compressed Oops: Enabled (32-bit)
 Alignments: Space 512K, Generation 512K, Heap 2M
 Heap Min Capacity: 100M
 Heap Initial Capacity: 100M
 Heap Max Capacity: 1G
 Pre-touch: Disabled
 Parallel Workers: 13
Heap:
 PSYoungGen      total 2048K, used 1865K [0x00000000eab00000, 0x00000000eae80000, 0x0000000100000000)
  eden space 1536K, 94% used [0x00000000eab00000,0x00000000eac6a468,0x00000000eac80000)
  from space 512K, 81% used [0x00000000ead80000,0x00000000eade8000,0x00000000eae00000)
  to   space 512K, 0% used [0x00000000eae00000,0x00000000eae00000,0x00000000eae80000)
 ParOldGen       total 568832K, used 568691K [0x00000000c0000000, 0x00000000e2b80000, 0x00000000eab00000)
  object space 568832K, 99% used [0x00000000c0000000,0x00000000e2b5cf00,0x00000000e2b80000)
 Metaspace       used 75313K, committed 76736K, reserved 1179648K
  class space    used 7841K, committed 8448K, reserved 1048576K
GC Heap History (20 events):
Event: 56.060 GC heap before
{Heap before GC invocations=489 (full 3):
 PSYoungGen      total 3072K, used 3058K [0x00000000eab00000, 0x00000000eb380000, 0x0000000100000000)
  eden space 2560K, 100% used [0x00000000eab00000,0x00000000ead80000,0x00000000ead80000)
  from space 512K, 97% used [0x00000000eae00000,0x00000000eae7c860,0x00000000eae80000)
  to   space 3072K, 0% used [0x00000000eb080000,0x00000000eb080000,0x00000000eb380000)
 ParOldGen       total 559616K, used 559404K [0x00000000c0000000, 0x00000000e2280000, 0x00000000eab00000)
  object space 559616K, 99% used [0x00000000c0000000,0x00000000e224b040,0x00000000e2280000)
 Metaspace       used 75261K, committed 76672K, reserved 1179648K
  class space    used 7841K, committed 8448K, reserved 1048576K
}
Event: 56.062 GC heap after
{Heap after GC invocations=489 (full 3):
 PSYoungGen      total 5632K, used 2688K [0x00000000eab00000, 0x00000000eb380000, 0x0000000100000000)
  eden space 2560K, 0% used [0x00000000eab00000,0x00000000eab00000,0x00000000ead80000)
  from space 3072K, 87% used [0x00000000eb080000,0x00000000eb320000,0x00000000eb380000)
  to   space 3072K, 0% used [0x00000000ead80000,0x00000000ead80000,0x00000000eb080000)
 ParOldGen       total 560640K, used 560408K [0x00000000c0000000, 0x00000000e2380000, 0x00000000eab00000)
  object space 560640K, 99% used [0x00000000c0000000,0x00000000e2346100,0x00000000e2380000)
 Metaspace       used 75261K, committed 76672K, reserved 1179648K
  class space    used 7841K, committed 8448K, reserved 1048576K
}
Event: 56.084 GC heap before
{Heap before GC invocations=490 (full 3):
 PSYoungGen      total 5632K, used 5248K [0x00000000eab00000, 0x00000000eb380000, 0x0000000100000000)
  eden space 2560K, 100% used [0x00000000eab00000,0x00000000ead80000,0x00000000ead80000)
  from space 3072K, 87% used [0x00000000eb080000,0x00000000eb320000,0x00000000eb380000)
  to   space 3072K, 0% used [0x00000000ead80000,0x00000000ead80000,0x00000000eb080000)
 ParOldGen       total 560640K, used 560408K [0x00000000c0000000, 0x00000000e2380000, 0x00000000eab00000)
  object space 560640K, 99% used [0x00000000c0000000,0x00000000e2346100,0x00000000e2380000)
 Metaspace       used 75261K, committed 76672K, reserved 1179648K
  class space    used 7841K, committed 8448K, reserved 1048576K
}
Event: 56.086 GC heap after
{Heap after GC invocations=490 (full 3):
 PSYoungGen      total 5120K, used 2176K [0x00000000eab00000, 0x00000000eb280000, 0x0000000100000000)
  eden space 2560K, 0% used [0x00000000eab00000,0x00000000eab00000,0x00000000ead80000)
  from space 2560K, 85% used [0x00000000ead80000,0x00000000eafa0300,0x00000000eb000000)
  to   space 2560K, 0% used [0x00000000eb000000,0x00000000eb000000,0x00000000eb280000)
 ParOldGen       total 563200K, used 562960K [0x00000000c0000000, 0x00000000e2600000, 0x00000000eab00000)
  object space 563200K, 99% used [0x00000000c0000000,0x00000000e25c4100,0x00000000e2600000)
 Metaspace       used 75261K, committed 76672K, reserved 1179648K
  class space    used 7841K, committed 8448K, reserved 1048576K
}
Event: 56.093 GC heap before
{Heap before GC invocations=491 (full 3):
 PSYoungGen      total 5120K, used 4736K [0x00000000eab00000, 0x00000000eb280000, 0x0000000100000000)
  eden space 2560K, 100% used [0x00000000eab00000,0x00000000ead80000,0x00000000ead80000)
  from space 2560K, 85% used [0x00000000ead80000,0x00000000eafa0300,0x00000000eb000000)
  to   space 2560K, 0% used [0x00000000eb000000,0x00000000eb000000,0x00000000eb280000)
 ParOldGen       total 563200K, used 562960K [0x00000000c0000000, 0x00000000e2600000, 0x00000000eab00000)
  object space 563200K, 99% used [0x00000000c0000000,0x00000000e25c4100,0x00000000e2600000)
 Metaspace       used 75261K, committed 76672K, reserved 1179648K
  class space    used 7841K, committed 8448K, reserved 1048576K
}
Event: 56.095 GC heap after
{Heap after GC invocations=491 (full 3):
 PSYoungGen      total 3072K, used 2548K [0x00000000eab00000, 0x00000000eb880000, 0x0000000100000000)
  eden space 512K, 0% used [0x00000000eab00000,0x00000000eab00000,0x00000000eab80000)
  from space 2560K, 99% used [0x00000000eb000000,0x00000000eb27d000,0x00000000eb280000)
  to   space 4608K, 0% used [0x00000000eab80000,0x00000000eab80000,0x00000000eb000000)
 ParOldGen       total 565760K, used 565347K [0x00000000c0000000, 0x00000000e2880000, 0x00000000eab00000)
  object space 565760K, 99% used [0x00000000c0000000,0x00000000e2818f00,0x00000000e2880000)
 Metaspace       used 75261K, committed 76672K, reserved 1179648K
  class space    used 7841K, committed 8448K, reserved 1048576K
}
Event: 56.096 GC heap before
{Heap before GC invocations=492 (full 3):
 PSYoungGen      total 3072K, used 3046K [0x00000000eab00000, 0x00000000eb880000, 0x0000000100000000)
  eden space 512K, 97% used [0x00000000eab00000,0x00000000eab7c8e0,0x00000000eab80000)
  from space 2560K, 99% used [0x00000000eb000000,0x00000000eb27d000,0x00000000eb280000)
  to   space 4608K, 0% used [0x00000000eab80000,0x00000000eab80000,0x00000000eb000000)
 ParOldGen       total 565760K, used 565347K [0x00000000c0000000, 0x00000000e2880000, 0x00000000eab00000)
  object space 565760K, 99% used [0x00000000c0000000,0x00000000e2818f00,0x00000000e2880000)
 Metaspace       used 75261K, committed 76672K, reserved 1179648K
  class space    used 7841K, committed 8448K, reserved 1048576K
}
Event: 56.100 GC heap after
{Heap after GC invocations=492 (full 3):
 PSYoungGen      total 1536K, used 656K [0x00000000eab00000, 0x00000000eb100000, 0x0000000100000000)
  eden space 512K, 0% used [0x00000000eab00000,0x00000000eab00000,0x00000000eab80000)
  from space 1024K, 64% used [0x00000000eab80000,0x00000000eac24000,0x00000000eac80000)
  to   space 2560K, 0% used [0x00000000eae80000,0x00000000eae80000,0x00000000eb100000)
 ParOldGen       total 567808K, used 567747K [0x00000000c0000000, 0x00000000e2a80000, 0x00000000eab00000)
  object space 567808K, 99% used [0x00000000c0000000,0x00000000e2a70f00,0x00000000e2a80000)
 Metaspace       used 75261K, committed 76672K, reserved 1179648K
  class space    used 7841K, committed 8448K, reserved 1048576K
}
Event: 56.125 GC heap before
{Heap before GC invocations=493 (full 3):
 PSYoungGen      total 1536K, used 1167K [0x00000000eab00000, 0x00000000eb100000, 0x0000000100000000)
  eden space 512K, 99% used [0x00000000eab00000,0x00000000eab7ff98,0x00000000eab80000)
  from space 1024K, 64% used [0x00000000eab80000,0x00000000eac24000,0x00000000eac80000)
  to   space 2560K, 0% used [0x00000000eae80000,0x00000000eae80000,0x00000000eb100000)
 ParOldGen       total 567808K, used 567747K [0x00000000c0000000, 0x00000000e2a80000, 0x00000000eab00000)
  object space 567808K, 99% used [0x00000000c0000000,0x00000000e2a70f00,0x00000000e2a80000)
 Metaspace       used 75261K, committed 76672K, reserved 1179648K
  class space    used 7841K, committed 8448K, reserved 1048576K
}
Event: 56.127 GC heap after
{Heap after GC invocations=493 (full 3):
 PSYoungGen      total 2048K, used 552K [0x00000000eab00000, 0x00000000eaf80000, 0x0000000100000000)
  eden space 1024K, 0% used [0x00000000eab00000,0x00000000eab00000,0x00000000eac00000)
  from space 1024K, 53% used [0x00000000eae80000,0x00000000eaf0a000,0x00000000eaf80000)
  to   space 1024K, 0% used [0x00000000ead80000,0x00000000ead80000,0x00000000eae80000)
 ParOldGen       total 568320K, used 568099K [0x00000000c0000000, 0x00000000e2b00000, 0x00000000eab00000)
  object space 568320K, 99% used [0x00000000c0000000,0x00000000e2ac8f00,0x00000000e2b00000)
 Metaspace       used 75261K, committed 76672K, reserved 1179648K
  class space    used 7841K, committed 8448K, reserved 1048576K
}
Event: 56.147 GC heap before
{Heap before GC invocations=494 (full 3):
 PSYoungGen      total 2048K, used 1576K [0x00000000eab00000, 0x00000000eaf80000, 0x0000000100000000)
  eden space 1024K, 100% used [0x00000000eab00000,0x00000000eac00000,0x00000000eac00000)
  from space 1024K, 53% used [0x00000000eae80000,0x00000000eaf0a000,0x00000000eaf80000)
  to   space 1024K, 0% used [0x00000000ead80000,0x00000000ead80000,0x00000000eae80000)
 ParOldGen       total 568320K, used 568099K [0x00000000c0000000, 0x00000000e2b00000, 0x00000000eab00000)
  object space 568320K, 99% used [0x00000000c0000000,0x00000000e2ac8f00,0x00000000e2b00000)
 Metaspace       used 75290K, committed 76736K, reserved 1179648K
  class space    used 7841K, committed 8448K, reserved 1048576K
}
Event: 56.148 GC heap after
{Heap after GC invocations=494 (full 3):
 PSYoungGen      total 2560K, used 320K [0x00000000eab00000, 0x00000000eaf00000, 0x0000000100000000)
  eden space 1536K, 0% used [0x00000000eab00000,0x00000000eab00000,0x00000000eac80000)
  from space 1024K, 31% used [0x00000000ead80000,0x00000000eadd0000,0x00000000eae80000)
  to   space 512K, 0% used [0x00000000eae80000,0x00000000eae80000,0x00000000eaf00000)
 ParOldGen       total 568832K, used 568547K [0x00000000c0000000, 0x00000000e2b80000, 0x00000000eab00000)
  object space 568832K, 99% used [0x00000000c0000000,0x00000000e2b38f00,0x00000000e2b80000)
 Metaspace       used 75290K, committed 76736K, reserved 1179648K
  class space    used 7841K, committed 8448K, reserved 1048576K
}
Event: 56.452 GC heap before
{Heap before GC invocations=495 (full 3):
 PSYoungGen      total 2560K, used 1856K [0x00000000eab00000, 0x00000000eaf00000, 0x0000000100000000)
  eden space 1536K, 100% used [0x00000000eab00000,0x00000000eac80000,0x00000000eac80000)
  from space 1024K, 31% used [0x00000000ead80000,0x00000000eadd0000,0x00000000eae80000)
  to   space 512K, 0% used [0x00000000eae80000,0x00000000eae80000,0x00000000eaf00000)
 ParOldGen       total 568832K, used 568547K [0x00000000c0000000, 0x00000000e2b80000, 0x00000000eab00000)
  object space 568832K, 99% used [0x00000000c0000000,0x00000000e2b38f00,0x00000000e2b80000)
 Metaspace       used 75290K, committed 76736K, reserved 1179648K
  class space    used 7841K, committed 8448K, reserved 1048576K
}
Event: 56.453 GC heap after
{Heap after GC invocations=495 (full 3):
 PSYoungGen      total 2048K, used 496K [0x00000000eab00000, 0x00000000eaf00000, 0x0000000100000000)
  eden space 1536K, 0% used [0x00000000eab00000,0x00000000eab00000,0x00000000eac80000)
  from space 512K, 96% used [0x00000000eae80000,0x00000000eaefc010,0x00000000eaf00000)
  to   space 1024K, 0% used [0x00000000ead00000,0x00000000ead00000,0x00000000eae00000)
 ParOldGen       total 568832K, used 568619K [0x00000000c0000000, 0x00000000e2b80000, 0x00000000eab00000)
  object space 568832K, 99% used [0x00000000c0000000,0x00000000e2b4af00,0x00000000e2b80000)
 Metaspace       used 75290K, committed 76736K, reserved 1179648K
  class space    used 7841K, committed 8448K, reserved 1048576K
}
Event: 56.458 GC heap before
{Heap before GC invocations=496 (full 3):
 PSYoungGen      total 2048K, used 2032K [0x00000000eab00000, 0x00000000eaf00000, 0x0000000100000000)
  eden space 1536K, 100% used [0x00000000eab00000,0x00000000eac80000,0x00000000eac80000)
  from space 512K, 96% used [0x00000000eae80000,0x00000000eaefc010,0x00000000eaf00000)
  to   space 1024K, 0% used [0x00000000ead00000,0x00000000ead00000,0x00000000eae00000)
 ParOldGen       total 568832K, used 568619K [0x00000000c0000000, 0x00000000e2b80000, 0x00000000eab00000)
  object space 568832K, 99% used [0x00000000c0000000,0x00000000e2b4af00,0x00000000e2b80000)
 Metaspace       used 75293K, committed 76736K, reserved 1179648K
  class space    used 7841K, committed 8448K, reserved 1048576K
}
Event: 56.459 GC heap after
{Heap after GC invocations=496 (full 3):
 PSYoungGen      total 2560K, used 496K [0x00000000eab00000, 0x00000000eaf00000, 0x0000000100000000)
  eden space 1536K, 0% used [0x00000000eab00000,0x00000000eab00000,0x00000000eac80000)
  from space 1024K, 48% used [0x00000000ead00000,0x00000000ead7c010,0x00000000eae00000)
  to   space 1024K, 0% used [0x00000000eae00000,0x00000000eae00000,0x00000000eaf00000)
 ParOldGen       total 568832K, used 568675K [0x00000000c0000000, 0x00000000e2b80000, 0x00000000eab00000)
  object space 568832K, 99% used [0x00000000c0000000,0x00000000e2b58f00,0x00000000e2b80000)
 Metaspace       used 75293K, committed 76736K, reserved 1179648K
  class space    used 7841K, committed 8448K, reserved 1048576K
}
Event: 56.626 GC heap before
{Heap before GC invocations=497 (full 3):
 PSYoungGen      total 2560K, used 2031K [0x00000000eab00000, 0x00000000eaf00000, 0x0000000100000000)
  eden space 1536K, 99% used [0x00000000eab00000,0x00000000eac7ffe0,0x00000000eac80000)
  from space 1024K, 48% used [0x00000000ead00000,0x00000000ead7c010,0x00000000eae00000)
  to   space 1024K, 0% used [0x00000000eae00000,0x00000000eae00000,0x00000000eaf00000)
 ParOldGen       total 568832K, used 568675K [0x00000000c0000000, 0x00000000e2b80000, 0x00000000eab00000)
  object space 568832K, 99% used [0x00000000c0000000,0x00000000e2b58f00,0x00000000e2b80000)
 Metaspace       used 75293K, committed 76736K, reserved 1179648K
  class space    used 7841K, committed 8448K, reserved 1048576K
}
Event: 56.628 GC heap after
{Heap after GC invocations=497 (full 3):
 PSYoungGen      total 2048K, used 288K [0x00000000eab00000, 0x00000000eae80000, 0x0000000100000000)
  eden space 1536K, 0% used [0x00000000eab00000,0x00000000eab00000,0x00000000eac80000)
  from space 512K, 56% used [0x00000000eae00000,0x00000000eae48000,0x00000000eae80000)
  to   space 512K, 0% used [0x00000000ead80000,0x00000000ead80000,0x00000000eae00000)
 ParOldGen       total 568832K, used 568683K [0x00000000c0000000, 0x00000000e2b80000, 0x00000000eab00000)
  object space 568832K, 99% used [0x00000000c0000000,0x00000000e2b5af00,0x00000000e2b80000)
 Metaspace       used 75293K, committed 76736K, reserved 1179648K
  class space    used 7841K, committed 8448K, reserved 1048576K
}
Event: 56.903 GC heap before
{Heap before GC invocations=498 (full 3):
 PSYoungGen      total 2048K, used 1824K [0x00000000eab00000, 0x00000000eae80000, 0x0000000100000000)
  eden space 1536K, 100% used [0x00000000eab00000,0x00000000eac80000,0x00000000eac80000)
  from space 512K, 56% used [0x00000000eae00000,0x00000000eae48000,0x00000000eae80000)
  to   space 512K, 0% used [0x00000000ead80000,0x00000000ead80000,0x00000000eae00000)
 ParOldGen       total 568832K, used 568683K [0x00000000c0000000, 0x00000000e2b80000, 0x00000000eab00000)
  object space 568832K, 99% used [0x00000000c0000000,0x00000000e2b5af00,0x00000000e2b80000)
 Metaspace       used 75301K, committed 76736K, reserved 1179648K
  class space    used 7841K, committed 8448K, reserved 1048576K
}
Event: 56.904 GC heap after
{Heap after GC invocations=498 (full 3):
 PSYoungGen      total 2048K, used 416K [0x00000000eab00000, 0x00000000eae80000, 0x0000000100000000)
  eden space 1536K, 0% used [0x00000000eab00000,0x00000000eab00000,0x00000000eac80000)
  from space 512K, 81% used [0x00000000ead80000,0x00000000eade8000,0x00000000eae00000)
  to   space 512K, 0% used [0x00000000eae00000,0x00000000eae00000,0x00000000eae80000)
 ParOldGen       total 568832K, used 568691K [0x00000000c0000000, 0x00000000e2b80000, 0x00000000eab00000)
  object space 568832K, 99% used [0x00000000c0000000,0x00000000e2b5cf00,0x00000000e2b80000)
 Metaspace       used 75301K, committed 76736K, reserved 1179648K
  class space    used 7841K, committed 8448K, reserved 1048576K
}

