# JRE version: OpenJDK Runtime Environment Temurin-21.0.5+11 (21.0.5+11) (build 21.0.5+11-LTS)
# Java VM: OpenJDK 64-Bit Server VM Temurin-21.0.5+11 (21.0.5+11-LTS, mixed mode, sharing, tiered, compressed oops, compressed class ptrs, parallel gc, windows-amd64)
GC Precious Log:
 CardTable entry size: 512
 CPUs: 16 total, 16 available
 Memory: 7521M
 Large Page Support: Disabled
 NUMA Support: Disabled
 Compressed Oops: Enabled (32-bit)
 Alignments: Space 512K, Generation 512K, Heap 2M
 Heap Min Capacity: 100M
 Heap Initial Capacity: 100M
 Heap Max Capacity: 1G
 Pre-touch: Disabled
 Parallel Workers: 13
Heap:
 PSYoungGen      total 23552K, used 16661K [0x00000000eab00000, 0x00000000ecb80000, 0x0000000100000000)
  eden space 15360K, 57% used [0x00000000eab00000,0x00000000eb3ad9c0,0x00000000eba00000)
  from space 8192K, 94% used [0x00000000ec380000,0x00000000ecb17d68,0x00000000ecb80000)
  to   space 8192K, 0% used [0x00000000ebb80000,0x00000000ebb80000,0x00000000ec380000)
 ParOldGen       total 377344K, used 377134K [0x00000000c0000000, 0x00000000d7080000, 0x00000000eab00000)
  object space 377344K, 99% used [0x00000000c0000000,0x00000000d704ba38,0x00000000d7080000)
 Metaspace       used 64925K, committed 66432K, reserved 1114112K
  class space    used 6715K, committed 7360K, reserved 1048576K
GC Heap History (20 events):
Event: 10.846 GC heap before
{Heap before GC invocations=240 (full 3):
 PSYoungGen      total 14336K, used 14259K [0x00000000eab00000, 0x00000000ebf00000, 0x0000000100000000)
  eden space 10752K, 100% used [0x00000000eab00000,0x00000000eb580000,0x00000000eb580000)
  from space 3584K, 97% used [0x00000000ebb80000,0x00000000ebeecdd0,0x00000000ebf00000)
  to   space 4608K, 0% used [0x00000000eb600000,0x00000000eb600000,0x00000000eba80000)
 ParOldGen       total 306176K, used 306010K [0x00000000c0000000, 0x00000000d2b00000, 0x00000000eab00000)
  object space 306176K, 99% used [0x00000000c0000000,0x00000000d2ad6bb8,0x00000000d2b00000)
 Metaspace       used 64491K, committed 65984K, reserved 1114112K
  class space    used 6654K, committed 7296K, reserved 1048576K
}
Event: 10.849 GC heap after
{Heap after GC invocations=240 (full 3):
 PSYoungGen      total 15872K, used 4228K [0x00000000eab00000, 0x00000000ec100000, 0x0000000100000000)
  eden space 11264K, 0% used [0x00000000eab00000,0x00000000eab00000,0x00000000eb600000)
  from space 4608K, 91% used [0x00000000eb600000,0x00000000eba213c0,0x00000000eba80000)
  to   space 4608K, 0% used [0x00000000ebc80000,0x00000000ebc80000,0x00000000ec100000)
 ParOldGen       total 309760K, used 309306K [0x00000000c0000000, 0x00000000d2e80000, 0x00000000eab00000)
  object space 309760K, 99% used [0x00000000c0000000,0x00000000d2e0ea58,0x00000000d2e80000)
 Metaspace       used 64491K, committed 65984K, reserved 1114112K
  class space    used 6654K, committed 7296K, reserved 1048576K
}
Event: 10.855 GC heap before
{Heap before GC invocations=241 (full 3):
 PSYoungGen      total 15872K, used 15474K [0x00000000eab00000, 0x00000000ec100000, 0x0000000100000000)
  eden space 11264K, 99% used [0x00000000eab00000,0x00000000eb5fb518,0x00000000eb600000)
  from space 4608K, 91% used [0x00000000eb600000,0x00000000eba213c0,0x00000000eba80000)
  to   space 4608K, 0% used [0x00000000ebc80000,0x00000000ebc80000,0x00000000ec100000)
 ParOldGen       total 309760K, used 309306K [0x00000000c0000000, 0x00000000d2e80000, 0x00000000eab00000)
  object space 309760K, 99% used [0x00000000c0000000,0x00000000d2e0ea58,0x00000000d2e80000)
 Metaspace       used 64491K, committed 65984K, reserved 1114112K
  class space    used 6654K, committed 7296K, reserved 1048576K
}
Event: 10.859 GC heap after
{Heap after GC invocations=241 (full 3):
 PSYoungGen      total 17408K, used 4583K [0x00000000eab00000, 0x00000000ec280000, 0x0000000100000000)
  eden space 12800K, 0% used [0x00000000eab00000,0x00000000eab00000,0x00000000eb780000)
  from space 4608K, 99% used [0x00000000ebc80000,0x00000000ec0f9f70,0x00000000ec100000)
  to   space 5120K, 0% used [0x00000000eb780000,0x00000000eb780000,0x00000000ebc80000)
 ParOldGen       total 313856K, used 313447K [0x00000000c0000000, 0x00000000d3280000, 0x00000000eab00000)
  object space 313856K, 99% used [0x00000000c0000000,0x00000000d3219d80,0x00000000d3280000)
 Metaspace       used 64491K, committed 65984K, reserved 1114112K
  class space    used 6654K, committed 7296K, reserved 1048576K
}
Event: 10.867 GC heap before
{Heap before GC invocations=242 (full 3):
 PSYoungGen      total 17408K, used 17383K [0x00000000eab00000, 0x00000000ec280000, 0x0000000100000000)
  eden space 12800K, 100% used [0x00000000eab00000,0x00000000eb780000,0x00000000eb780000)
  from space 4608K, 99% used [0x00000000ebc80000,0x00000000ec0f9f70,0x00000000ec100000)
  to   space 5120K, 0% used [0x00000000eb780000,0x00000000eb780000,0x00000000ebc80000)
 ParOldGen       total 313856K, used 313447K [0x00000000c0000000, 0x00000000d3280000, 0x00000000eab00000)
  object space 313856K, 99% used [0x00000000c0000000,0x00000000d3219d80,0x00000000d3280000)
 Metaspace       used 64491K, committed 65984K, reserved 1114112K
  class space    used 6654K, committed 7296K, reserved 1048576K
}
Event: 10.870 GC heap after
{Heap after GC invocations=242 (full 3):
 PSYoungGen      total 17920K, used 5100K [0x00000000eab00000, 0x00000000ec500000, 0x0000000100000000)
  eden space 12800K, 0% used [0x00000000eab00000,0x00000000eab00000,0x00000000eb780000)
  from space 5120K, 99% used [0x00000000eb780000,0x00000000ebc7b0c0,0x00000000ebc80000)
  to   space 5632K, 0% used [0x00000000ebf80000,0x00000000ebf80000,0x00000000ec500000)
 ParOldGen       total 318464K, used 318082K [0x00000000c0000000, 0x00000000d3700000, 0x00000000eab00000)
  object space 318464K, 99% used [0x00000000c0000000,0x00000000d36a0ad0,0x00000000d3700000)
 Metaspace       used 64491K, committed 65984K, reserved 1114112K
  class space    used 6654K, committed 7296K, reserved 1048576K
}
Event: 10.987 GC heap before
{Heap before GC invocations=243 (full 3):
 PSYoungGen      total 17920K, used 17900K [0x00000000eab00000, 0x00000000ec500000, 0x0000000100000000)
  eden space 12800K, 100% used [0x00000000eab00000,0x00000000eb780000,0x00000000eb780000)
  from space 5120K, 99% used [0x00000000eb780000,0x00000000ebc7b0c0,0x00000000ebc80000)
  to   space 5632K, 0% used [0x00000000ebf80000,0x00000000ebf80000,0x00000000ec500000)
 ParOldGen       total 318464K, used 318082K [0x00000000c0000000, 0x00000000d3700000, 0x00000000eab00000)
  object space 318464K, 99% used [0x00000000c0000000,0x00000000d36a0ad0,0x00000000d3700000)
 Metaspace       used 64504K, committed 65984K, reserved 1114112K
  class space    used 6655K, committed 7296K, reserved 1048576K
}
Event: 10.992 GC heap after
{Heap after GC invocations=243 (full 3):
 PSYoungGen      total 19456K, used 4044K [0x00000000eab00000, 0x00000000ec380000, 0x0000000100000000)
  eden space 15360K, 0% used [0x00000000eab00000,0x00000000eab00000,0x00000000eba00000)
  from space 4096K, 98% used [0x00000000ebf80000,0x00000000ec373298,0x00000000ec380000)
  to   space 4608K, 0% used [0x00000000eba80000,0x00000000eba80000,0x00000000ebf00000)
 ParOldGen       total 323072K, used 323009K [0x00000000c0000000, 0x00000000d3b80000, 0x00000000eab00000)
  object space 323072K, 99% used [0x00000000c0000000,0x00000000d3b70690,0x00000000d3b80000)
 Metaspace       used 64504K, committed 65984K, reserved 1114112K
  class space    used 6655K, committed 7296K, reserved 1048576K
}
Event: 11.147 GC heap before
{Heap before GC invocations=244 (full 3):
 PSYoungGen      total 19456K, used 19404K [0x00000000eab00000, 0x00000000ec380000, 0x0000000100000000)
  eden space 15360K, 100% used [0x00000000eab00000,0x00000000eba00000,0x00000000eba00000)
  from space 4096K, 98% used [0x00000000ebf80000,0x00000000ec373298,0x00000000ec380000)
  to   space 4608K, 0% used [0x00000000eba80000,0x00000000eba80000,0x00000000ebf00000)
 ParOldGen       total 323072K, used 323009K [0x00000000c0000000, 0x00000000d3b80000, 0x00000000eab00000)
  object space 323072K, 99% used [0x00000000c0000000,0x00000000d3b70690,0x00000000d3b80000)
 Metaspace       used 64504K, committed 65984K, reserved 1114112K
  class space    used 6655K, committed 7296K, reserved 1048576K
}
Event: 11.155 GC heap after
{Heap after GC invocations=244 (full 3):
 PSYoungGen      total 19968K, used 4601K [0x00000000eab00000, 0x00000000eda00000, 0x0000000100000000)
  eden space 15360K, 0% used [0x00000000eab00000,0x00000000eab00000,0x00000000eba00000)
  from space 4608K, 99% used [0x00000000eba80000,0x00000000ebefe7a0,0x00000000ebf00000)
  to   space 16384K, 0% used [0x00000000eca00000,0x00000000eca00000,0x00000000eda00000)
 ParOldGen       total 332800K, used 332707K [0x00000000c0000000, 0x00000000d4500000, 0x00000000eab00000)
  object space 332800K, 99% used [0x00000000c0000000,0x00000000d44e8c18,0x00000000d4500000)
 Metaspace       used 64504K, committed 65984K, reserved 1114112K
  class space    used 6655K, committed 7296K, reserved 1048576K
}
Event: 11.304 GC heap before
{Heap before GC invocations=245 (full 3):
 PSYoungGen      total 19968K, used 19961K [0x00000000eab00000, 0x00000000eda00000, 0x0000000100000000)
  eden space 15360K, 100% used [0x00000000eab00000,0x00000000eba00000,0x00000000eba00000)
  from space 4608K, 99% used [0x00000000eba80000,0x00000000ebefe7a0,0x00000000ebf00000)
  to   space 16384K, 0% used [0x00000000eca00000,0x00000000eca00000,0x00000000eda00000)
 ParOldGen       total 332800K, used 332707K [0x00000000c0000000, 0x00000000d4500000, 0x00000000eab00000)
  object space 332800K, 99% used [0x00000000c0000000,0x00000000d44e8c18,0x00000000d4500000)
 Metaspace       used 64504K, committed 65984K, reserved 1114112K
  class space    used 6655K, committed 7296K, reserved 1048576K
}
Event: 11.311 GC heap after
{Heap after GC invocations=245 (full 3):
 PSYoungGen      total 31744K, used 15413K [0x00000000eab00000, 0x00000000eda00000, 0x0000000100000000)
  eden space 15360K, 0% used [0x00000000eab00000,0x00000000eab00000,0x00000000eba00000)
  from space 16384K, 94% used [0x00000000eca00000,0x00000000ed90d720,0x00000000eda00000)
  to   space 16384K, 0% used [0x00000000eba00000,0x00000000eba00000,0x00000000eca00000)
 ParOldGen       total 334336K, used 334317K [0x00000000c0000000, 0x00000000d4680000, 0x00000000eab00000)
  object space 334336K, 99% used [0x00000000c0000000,0x00000000d467b658,0x00000000d4680000)
 Metaspace       used 64504K, committed 65984K, reserved 1114112K
  class space    used 6655K, committed 7296K, reserved 1048576K
}
Event: 11.465 GC heap before
{Heap before GC invocations=246 (full 3):
 PSYoungGen      total 31744K, used 30773K [0x00000000eab00000, 0x00000000eda00000, 0x0000000100000000)
  eden space 15360K, 100% used [0x00000000eab00000,0x00000000eba00000,0x00000000eba00000)
  from space 16384K, 94% used [0x00000000eca00000,0x00000000ed90d720,0x00000000eda00000)
  to   space 16384K, 0% used [0x00000000eba00000,0x00000000eba00000,0x00000000eca00000)
 ParOldGen       total 334336K, used 334317K [0x00000000c0000000, 0x00000000d4680000, 0x00000000eab00000)
  object space 334336K, 99% used [0x00000000c0000000,0x00000000d467b658,0x00000000d4680000)
 Metaspace       used 64504K, committed 65984K, reserved 1114112K
  class space    used 6655K, committed 7296K, reserved 1048576K
}
Event: 11.481 GC heap after
{Heap after GC invocations=246 (full 3):
 PSYoungGen      total 31232K, used 15489K [0x00000000eab00000, 0x00000000ed900000, 0x0000000100000000)
  eden space 15360K, 0% used [0x00000000eab00000,0x00000000eab00000,0x00000000eba00000)
  from space 15872K, 97% used [0x00000000eba00000,0x00000000ec9204c8,0x00000000ec980000)
  to   space 15872K, 0% used [0x00000000ec980000,0x00000000ec980000,0x00000000ed900000)
 ParOldGen       total 346624K, used 346608K [0x00000000c0000000, 0x00000000d5280000, 0x00000000eab00000)
  object space 346624K, 99% used [0x00000000c0000000,0x00000000d527c160,0x00000000d5280000)
 Metaspace       used 64504K, committed 65984K, reserved 1114112K
  class space    used 6655K, committed 7296K, reserved 1048576K
}
Event: 11.696 GC heap before
{Heap before GC invocations=247 (full 3):
 PSYoungGen      total 31232K, used 30849K [0x00000000eab00000, 0x00000000ed900000, 0x0000000100000000)
  eden space 15360K, 100% used [0x00000000eab00000,0x00000000eba00000,0x00000000eba00000)
  from space 15872K, 97% used [0x00000000eba00000,0x00000000ec9204c8,0x00000000ec980000)
  to   space 15872K, 0% used [0x00000000ec980000,0x00000000ec980000,0x00000000ed900000)
 ParOldGen       total 346624K, used 346608K [0x00000000c0000000, 0x00000000d5280000, 0x00000000eab00000)
  object space 346624K, 99% used [0x00000000c0000000,0x00000000d527c160,0x00000000d5280000)
 Metaspace       used 64526K, committed 65984K, reserved 1114112K
  class space    used 6655K, committed 7296K, reserved 1048576K
}
Event: 11.710 GC heap after
{Heap after GC invocations=247 (full 3):
 PSYoungGen      total 29184K, used 13413K [0x00000000eab00000, 0x00000000ed700000, 0x0000000100000000)
  eden space 15360K, 0% used [0x00000000eab00000,0x00000000eab00000,0x00000000eba00000)
  from space 13824K, 97% used [0x00000000ec980000,0x00000000ed6994d0,0x00000000ed700000)
  to   space 14336K, 0% used [0x00000000ebb00000,0x00000000ebb00000,0x00000000ec900000)
 ParOldGen       total 360960K, used 360753K [0x00000000c0000000, 0x00000000d6080000, 0x00000000eab00000)
  object space 360960K, 99% used [0x00000000c0000000,0x00000000d604c400,0x00000000d6080000)
 Metaspace       used 64526K, committed 65984K, reserved 1114112K
  class space    used 6655K, committed 7296K, reserved 1048576K
}
Event: 12.220 GC heap before
{Heap before GC invocations=248 (full 3):
 PSYoungGen      total 29184K, used 28613K [0x00000000eab00000, 0x00000000ed700000, 0x0000000100000000)
  eden space 15360K, 98% used [0x00000000eab00000,0x00000000eb9d8208,0x00000000eba00000)
  from space 13824K, 97% used [0x00000000ec980000,0x00000000ed6994d0,0x00000000ed700000)
  to   space 14336K, 0% used [0x00000000ebb00000,0x00000000ebb00000,0x00000000ec900000)
 ParOldGen       total 360960K, used 360753K [0x00000000c0000000, 0x00000000d6080000, 0x00000000eab00000)
  object space 360960K, 99% used [0x00000000c0000000,0x00000000d604c400,0x00000000d6080000)
 Metaspace       used 64639K, committed 66240K, reserved 1114112K
  class space    used 6667K, committed 7360K, reserved 1048576K
}
Event: 12.233 GC heap after
{Heap after GC invocations=248 (full 3):
 PSYoungGen      total 22528K, used 7122K [0x00000000eab00000, 0x00000000ecd00000, 0x0000000100000000)
  eden space 15360K, 0% used [0x00000000eab00000,0x00000000eab00000,0x00000000eba00000)
  from space 7168K, 99% used [0x00000000ebb00000,0x00000000ec1f4b20,0x00000000ec200000)
  to   space 9728K, 0% used [0x00000000ec380000,0x00000000ec380000,0x00000000ecd00000)
 ParOldGen       total 373248K, used 373134K [0x00000000c0000000, 0x00000000d6c80000, 0x00000000eab00000)
  object space 373248K, 99% used [0x00000000c0000000,0x00000000d6c63a38,0x00000000d6c80000)
 Metaspace       used 64639K, committed 66240K, reserved 1114112K
  class space    used 6667K, committed 7360K, reserved 1048576K
}
Event: 12.290 GC heap before
{Heap before GC invocations=249 (full 3):
 PSYoungGen      total 22528K, used 22482K [0x00000000eab00000, 0x00000000ecd00000, 0x0000000100000000)
  eden space 15360K, 100% used [0x00000000eab00000,0x00000000eba00000,0x00000000eba00000)
  from space 7168K, 99% used [0x00000000ebb00000,0x00000000ec1f4b20,0x00000000ec200000)
  to   space 9728K, 0% used [0x00000000ec380000,0x00000000ec380000,0x00000000ecd00000)
 ParOldGen       total 373248K, used 373134K [0x00000000c0000000, 0x00000000d6c80000, 0x00000000eab00000)
  object space 373248K, 99% used [0x00000000c0000000,0x00000000d6c63a38,0x00000000d6c80000)
 Metaspace       used 64668K, committed 66240K, reserved 1114112K
  class space    used 6668K, committed 7360K, reserved 1048576K
}
Event: 12.297 GC heap after
{Heap after GC invocations=249 (full 3):
 PSYoungGen      total 23552K, used 7775K [0x00000000eab00000, 0x00000000ecb80000, 0x0000000100000000)
  eden space 15360K, 0% used [0x00000000eab00000,0x00000000eab00000,0x00000000eba00000)
  from space 8192K, 94% used [0x00000000ec380000,0x00000000ecb17d68,0x00000000ecb80000)
  to   space 8192K, 0% used [0x00000000ebb80000,0x00000000ebb80000,0x00000000ec380000)
 ParOldGen       total 377344K, used 377134K [0x00000000c0000000, 0x00000000d7080000, 0x00000000eab00000)
  object space 377344K, 99% used [0x00000000c0000000,0x00000000d704ba38,0x00000000d7080000)
 Metaspace       used 64668K, committed 66240K, reserved 1114112K
  class space    used 6668K, committed 7360K, reserved 1048576K
}

